<?xml version="1.0" encoding="UTF-8"?>
<testsuite name="it.unicam.coloni.hackhub.CloudConfigurationTest" tests="3" skipped="0" failures="0" errors="0" timestamp="2026-02-06T11:36:57" hostname="MacBookAir" time="0.032">
  <properties/>
  <testcase name="verifyDockerComposeDatabaseLink()" classname="it.unicam.coloni.hackhub.CloudConfigurationTest" time="0.02"/>
  <testcase name="verifyDockerMultiStageBuild()" classname="it.unicam.coloni.hackhub.CloudConfigurationTest" time="0.001"/>
  <testcase name="verifyJwtSecurityConsistency()" classname="it.unicam.coloni.hackhub.CloudConfigurationTest" time="0.008"/>
  <system-out><![CDATA[]]></system-out>
  <system-err><![CDATA[]]></system-err>
</testsuite>
